<!DOCTYPE html PUBLIC "-//W3C//DTD XHTML 1.1//EN" "http://www.w3.org/TR/xhtml11/DTD/xhtml11.dtd">
<html xmlns="http://www.w3.org/1999/xhtml"><head><title>TestNG Report</title><style type="text/css">table {margin-bottom:10px;border-collapse:collapse;empty-cells:show}th,td {border:1px solid #009;padding:.25em .5em}th {vertical-align:bottom}td {vertical-align:top}table a {font-weight:bold}.stripe td {background-color: #E6EBF9}.num {text-align:right}.passedodd td {background-color: #3F3}.passedeven td {background-color: #0A0}.skippedodd td {background-color: #DDD}.skippedeven td {background-color: #CCC}.failedodd td,.attn {background-color: #F33}.failedeven td,.stripe .attn {background-color: #D00}.stacktrace {white-space:pre;font-family:monospace}.totop {font-size:85%;text-align:center;border-bottom:2px solid #000}</style></head><body><table><tr><th>Test</th><th># Passed</th><th># Skipped</th><th># Failed</th><th>Time (ms)</th><th>Included Groups</th><th>Excluded Groups</th></tr><tr><th colspan="7">SDETTests.Test2</th></tr><tr><td><a href="#t0">Command line test</a></td><td class="num">0</td><td class="num attn">5</td><td class="num">0</td><td class="num">13,039</td><td></td><td></td></tr></table><table><thead><tr><th>Class</th><th>Method</th><th>Start</th><th>Time (ms)</th></tr></thead><tbody><tr><th colspan="4">SDETTests.Test2</th></tr></tbody><tbody id="t0"><tr><th colspan="4">Command line test &#8212; failed (configuration methods)</th></tr><tr class="failedeven"><td rowspan="1">SDETTests.Test2</td><td><a href="#m0">setUpMethod</a></td><td rowspan="1">1489605782299</td><td rowspan="1">0</td></tr><tr><th colspan="4">Command line test &#8212; skipped (configuration methods)</th></tr><tr class="skippedeven"><td rowspan="10">SDETTests.Test2</td><td><a href="#m1">setUpMethod</a></td><td rowspan="4">1489605794955</td><td rowspan="4">0</td></tr><tr class="skippedeven"><td><a href="#m2">setUpMethod</a></td></tr><tr class="skippedeven"><td><a href="#m3">setUpMethod</a></td></tr><tr class="skippedeven"><td><a href="#m4">setUpMethod</a></td></tr><tr class="skippedeven"><td><a href="#m5">tearDownClass</a></td><td rowspan="1">1489605794959</td><td rowspan="1">0</td></tr><tr class="skippedeven"><td><a href="#m6">tearDownMethod</a></td><td rowspan="5">1489605794953</td><td rowspan="5">0</td></tr><tr class="skippedeven"><td><a href="#m7">tearDownMethod</a></td></tr><tr class="skippedeven"><td><a href="#m8">tearDownMethod</a></td></tr><tr class="skippedeven"><td><a href="#m9">tearDownMethod</a></td></tr><tr class="skippedeven"><td><a href="#m10">tearDownMethod</a></td></tr><tr><th colspan="4">Command line test &#8212; skipped</th></tr><tr class="skippedeven"><td rowspan="5">SDETTests.Test2</td><td><a href="#m11">footerTest</a></td><td rowspan="5">1489605794957</td><td rowspan="5">1</td></tr><tr class="skippedeven"><td><a href="#m12">footerTest</a></td></tr><tr class="skippedeven"><td><a href="#m13">footerTest</a></td></tr><tr class="skippedeven"><td><a href="#m14">footerTest</a></td></tr><tr class="skippedeven"><td><a href="#m15">footerTest</a></td></tr></tbody></table><h2>Command line test</h2><h3 id="m0">SDETTests.Test2#setUpMethod</h3><table class="result"><tr><th>Exception</th></tr><tr><td><div class="stacktrace">org.openqa.selenium.TimeoutException: Expected condition failed: waiting for presence of element located by: By.id: u3097-6 (tried for 10 second(s) with 500 MILLISECONDS interval)
	at org.openqa.selenium.support.ui.WebDriverWait.timeoutException(WebDriverWait.java:80)
	at org.openqa.selenium.support.ui.FluentWait.until(FluentWait.java:232)
	at SDETTests.Test2.setUpMethod(Test2.java:48)
Caused by: org.openqa.selenium.NoSuchElementException: Cannot locate an element using By.id: u3097-6
For documentation on this error, please visit: http://seleniumhq.org/exceptions/no_such_element.html
Build info: version: &apos;3.3.1&apos;, revision: &apos;5234b325d5&apos;, time: &apos;2017-03-10 09:10:29 +0000&apos;
System info: host: &apos;work&apos;, ip: &apos;127.0.1.1&apos;, os.name: &apos;Linux&apos;, os.arch: &apos;amd64&apos;, os.version: &apos;4.4.0-65-generic&apos;, java.version: &apos;1.8.0_121&apos;
Driver info: driver.version: unknown
	at org.openqa.selenium.support.ui.ExpectedConditions.lambda$findElement$0(ExpectedConditions.java:899)
	at java.util.Optional.orElseThrow(Optional.java:290)
	at org.openqa.selenium.support.ui.ExpectedConditions.findElement(ExpectedConditions.java:898)
	at org.openqa.selenium.support.ui.ExpectedConditions.access$000(ExpectedConditions.java:44)
	at org.openqa.selenium.support.ui.ExpectedConditions$6.apply(ExpectedConditions.java:184)
	at org.openqa.selenium.support.ui.ExpectedConditions$6.apply(ExpectedConditions.java:181)
	at org.openqa.selenium.support.ui.FluentWait.until(FluentWait.java:209)
	... 36 more
... Removed 35 stack frames</div></td></tr></table><p class="totop"><a href="#summary">back to summary</a></p><h3 id="m1">SDETTests.Test2#setUpMethod</h3><table class="result"></table><p class="totop"><a href="#summary">back to summary</a></p><h3 id="m2">SDETTests.Test2#setUpMethod</h3><table class="result"></table><p class="totop"><a href="#summary">back to summary</a></p><h3 id="m3">SDETTests.Test2#setUpMethod</h3><table class="result"></table><p class="totop"><a href="#summary">back to summary</a></p><h3 id="m4">SDETTests.Test2#setUpMethod</h3><table class="result"></table><p class="totop"><a href="#summary">back to summary</a></p><h3 id="m5">SDETTests.Test2#tearDownClass</h3><table class="result"></table><p class="totop"><a href="#summary">back to summary</a></p><h3 id="m6">SDETTests.Test2#tearDownMethod</h3><table class="result"></table><p class="totop"><a href="#summary">back to summary</a></p><h3 id="m7">SDETTests.Test2#tearDownMethod</h3><table class="result"></table><p class="totop"><a href="#summary">back to summary</a></p><h3 id="m8">SDETTests.Test2#tearDownMethod</h3><table class="result"></table><p class="totop"><a href="#summary">back to summary</a></p><h3 id="m9">SDETTests.Test2#tearDownMethod</h3><table class="result"></table><p class="totop"><a href="#summary">back to summary</a></p><h3 id="m10">SDETTests.Test2#tearDownMethod</h3><table class="result"></table><p class="totop"><a href="#summary">back to summary</a></p><h3 id="m11">SDETTests.Test2#footerTest</h3><table class="result"><tr class="param"><th>Parameter #1</th><th>Parameter #2</th><th>Parameter #3</th><th>Parameter #4</th></tr><tr class="param stripe"><td>u10575-4</td><td>http://www.xpanxion.com/news.html</td><td></td><td>u9113</td></tr></table><p class="totop"><a href="#summary">back to summary</a></p><h3 id="m12">SDETTests.Test2#footerTest</h3><table class="result"><tr class="param"><th>Parameter #1</th><th>Parameter #2</th><th>Parameter #3</th><th>Parameter #4</th></tr><tr class="param stripe"><td>u10578-4</td><td>http://www.xpanxion.com/about.html</td><td>ABOUT US</td><td>u3102-4</td></tr></table><p class="totop"><a href="#summary">back to summary</a></p><h3 id="m13">SDETTests.Test2#footerTest</h3><table class="result"><tr class="param"><th>Parameter #1</th><th>Parameter #2</th><th>Parameter #3</th><th>Parameter #4</th></tr><tr class="param stripe"><td>u10570-4</td><td>http://www.xpanxion.com/about.html</td><td>ABOUT US</td><td>u3102-4</td></tr></table><p class="totop"><a href="#summary">back to summary</a></p><h3 id="m14">SDETTests.Test2#footerTest</h3><table class="result"><tr class="param"><th>Parameter #1</th><th>Parameter #2</th><th>Parameter #3</th><th>Parameter #4</th></tr><tr class="param stripe"><td>u10576-4</td><td>http://www.xpanxion.com/mission.html</td><td>MISSION &amp; VALUES</td><td>u3113-4</td></tr></table><p class="totop"><a href="#summary">back to summary</a></p><h3 id="m15">SDETTests.Test2#footerTest</h3><table class="result"><tr class="param"><th>Parameter #1</th><th>Parameter #2</th><th>Parameter #3</th><th>Parameter #4</th></tr><tr class="param stripe"><td>u10577-4</td><td>http://www.xpanxion.com/locations.html</td><td>LOCATIONS</td><td>u8973-4</td></tr></table><p class="totop"><a href="#summary">back to summary</a></p></body></html>