<html>
<head>
<title>TestNG:  Command line test</title>
<link href="../testng.css" rel="stylesheet" type="text/css" />
<link href="../my-testng.css" rel="stylesheet" type="text/css" />

<style type="text/css">
.log { display: none;} 
.stack-trace { display: none;} 
</style>
<script type="text/javascript">
<!--
function flip(e) {
  current = e.style.display;
  if (current == 'block') {
    e.style.display = 'none';
    return 0;
  }
  else {
    e.style.display = 'block';
    return 1;
  }
}

function toggleBox(szDivId, elem, msg1, msg2)
{
  var res = -1;  if (document.getElementById) {
    res = flip(document.getElementById(szDivId));
  }
  else if (document.all) {
    // this is the way old msie versions work
    res = flip(document.all[szDivId]);
  }
  if(elem) {
    if(res == 0) elem.innerHTML = msg1; else elem.innerHTML = msg2;
  }

}

function toggleAllBoxes() {
  if (document.getElementsByTagName) {
    d = document.getElementsByTagName('div');
    for (i = 0; i < d.length; i++) {
      if (d[i].className == 'log') {
        flip(d[i]);
      }
    }
  }
}

// -->
</script>

</head>
<body>
<h2 align='center'>Command line test</h2><table border='1' align="center">
<tr>
<td>Tests passed/Failed/Skipped:</td><td>0/0/5</td>
</tr><tr>
<td>Started on:</td><td>Wed Mar 15 14:23:01 CDT 2017</td>
</tr>
<tr><td>Total time:</td><td>13 seconds (13039 ms)</td>
</tr><tr>
<td>Included groups:</td><td></td>
</tr><tr>
<td>Excluded groups:</td><td></td>
</tr>
</table><p/>
<small><i>(Hover the method name to see the test class name)</i></small><p/>
<table width='100%' border='1' class='invocation-failed'>
<tr><td colspan='4' align='center'><b>FAILED CONFIGURATIONS</b></td></tr>
<tr><td><b>Test method</b></td>
<td width="30%"><b>Exception</b></td>
<td width="10%"><b>Time (seconds)</b></td>
<td><b>Instance</b></td>
</tr>
<tr>
<td title='SDETTests.Test2.setUpMethod()'><b>setUpMethod</b><br>Test class: SDETTests.Test2</td>
<td><div><pre>org.openqa.selenium.TimeoutException: Expected condition failed: waiting for presence of element located by: By.id: u3097-6 (tried for 10 second(s) with 500 MILLISECONDS interval)
	at org.openqa.selenium.support.ui.WebDriverWait.timeoutException(WebDriverWait.java:80)
	at org.openqa.selenium.support.ui.FluentWait.until(FluentWait.java:232)
	at SDETTests.Test2.setUpMethod(Test2.java:48)
Caused by: org.openqa.selenium.NoSuchElementException: Cannot locate an element using By.id: u3097-6
For documentation on this error, please visit: http://seleniumhq.org/exceptions/no_such_element.html
Build info: version: &apos;3.3.1&apos;, revision: &apos;5234b325d5&apos;, time: &apos;2017-03-10 09:10:29 +0000&apos;
System info: host: &apos;work&apos;, ip: &apos;127.0.1.1&apos;, os.name: &apos;Linux&apos;, os.arch: &apos;amd64&apos;, os.version: &apos;4.4.0-65-generic&apos;, java.version: &apos;1.8.0_121&apos;
Driver info: driver.version: unknown
	at org.openqa.selenium.support.ui.ExpectedConditions.lambda$findElement$0(ExpectedConditions.java:899)
	at java.util.Optional.orElseThrow(Optional.java:290)
	at org.openqa.selenium.support.ui.ExpectedConditions.findElement(ExpectedConditions.java:898)
	at org.openqa.selenium.support.ui.ExpectedConditions.access$000(ExpectedConditions.java:44)
	at org.openqa.selenium.support.ui.ExpectedConditions$6.apply(ExpectedConditions.java:184)
	at org.openqa.selenium.support.ui.ExpectedConditions$6.apply(ExpectedConditions.java:181)
	at org.openqa.selenium.support.ui.FluentWait.until(FluentWait.java:209)
	... 36 more
... Removed 35 stack frames</pre></div><a href='#' onClick='toggleBox("stack-trace1400856767", this, "Click to show all stack frames", "Click to hide stack frames")'>Click to show all stack frames</a>
<div class='stack-trace' id='stack-trace1400856767'><pre>org.openqa.selenium.TimeoutException: Expected condition failed: waiting for presence of element located by: By.id: u3097-6 (tried for 10 second(s) with 500 MILLISECONDS interval)
	at org.openqa.selenium.support.ui.WebDriverWait.timeoutException(WebDriverWait.java:80)
	at org.openqa.selenium.support.ui.FluentWait.until(FluentWait.java:232)
	at SDETTests.Test2.setUpMethod(Test2.java:48)
	at sun.reflect.NativeMethodAccessorImpl.invoke0(Native Method)
	at sun.reflect.NativeMethodAccessorImpl.invoke(NativeMethodAccessorImpl.java:62)
	at sun.reflect.DelegatingMethodAccessorImpl.invoke(DelegatingMethodAccessorImpl.java:43)
	at java.lang.reflect.Method.invoke(Method.java:498)
	at org.testng.internal.MethodInvocationHelper.invokeMethod(MethodInvocationHelper.java:85)
	at org.testng.internal.Invoker.invokeConfigurationMethod(Invoker.java:552)
	at org.testng.internal.Invoker.invokeConfigurations(Invoker.java:215)
	at org.testng.internal.Invoker.invokeMethod(Invoker.java:636)
	at org.testng.internal.Invoker.invokeTestMethod(Invoker.java:882)
	at org.testng.internal.Invoker.invokeTestMethods(Invoker.java:1189)
	at org.testng.internal.TestMethodWorker.invokeTestMethods(TestMethodWorker.java:124)
	at org.testng.internal.TestMethodWorker.run(TestMethodWorker.java:108)
	at org.testng.TestRunner.privateRun(TestRunner.java:767)
	at org.testng.TestRunner.run(TestRunner.java:617)
	at org.testng.SuiteRunner.runTest(SuiteRunner.java:348)
	at org.testng.SuiteRunner.runSequentially(SuiteRunner.java:343)
	at org.testng.SuiteRunner.privateRun(SuiteRunner.java:305)
	at org.testng.SuiteRunner.run(SuiteRunner.java:254)
	at org.testng.SuiteRunnerWorker.runSuite(SuiteRunnerWorker.java:52)
	at org.testng.SuiteRunnerWorker.run(SuiteRunnerWorker.java:86)
	at org.testng.TestNG.runSuitesSequentially(TestNG.java:1224)
	at org.testng.TestNG.runSuitesLocally(TestNG.java:1149)
	at org.testng.TestNG.run(TestNG.java:1057)
	at org.apache.maven.surefire.testng.TestNGExecutor.run(TestNGExecutor.java:70)
	at org.apache.maven.surefire.testng.TestNGDirectoryTestSuite.execute(TestNGDirectoryTestSuite.java:109)
	at org.apache.maven.surefire.testng.TestNGProvider.invoke(TestNGProvider.java:111)
	at sun.reflect.NativeMethodAccessorImpl.invoke0(Native Method)
	at sun.reflect.NativeMethodAccessorImpl.invoke(NativeMethodAccessorImpl.java:62)
	at sun.reflect.DelegatingMethodAccessorImpl.invoke(DelegatingMethodAccessorImpl.java:43)
	at java.lang.reflect.Method.invoke(Method.java:498)
	at org.apache.maven.surefire.util.ReflectionUtils.invokeMethodWithArray(ReflectionUtils.java:164)
	at org.apache.maven.surefire.booter.ProviderFactory$ProviderProxy.invoke(ProviderFactory.java:110)
	at org.apache.maven.surefire.booter.SurefireStarter.invokeProvider(SurefireStarter.java:175)
	at org.apache.maven.surefire.booter.SurefireStarter.runSuitesInProcessWhenForked(SurefireStarter.java:107)
	at org.apache.maven.surefire.booter.ForkedBooter.main(ForkedBooter.java:68)
Caused by: org.openqa.selenium.NoSuchElementException: Cannot locate an element using By.id: u3097-6
For documentation on this error, please visit: http://seleniumhq.org/exceptions/no_such_element.html
Build info: version: &apos;3.3.1&apos;, revision: &apos;5234b325d5&apos;, time: &apos;2017-03-10 09:10:29 +0000&apos;
System info: host: &apos;work&apos;, ip: &apos;127.0.1.1&apos;, os.name: &apos;Linux&apos;, os.arch: &apos;amd64&apos;, os.version: &apos;4.4.0-65-generic&apos;, java.version: &apos;1.8.0_121&apos;
Driver info: driver.version: unknown
	at org.openqa.selenium.support.ui.ExpectedConditions.lambda$findElement$0(ExpectedConditions.java:899)
	at java.util.Optional.orElseThrow(Optional.java:290)
	at org.openqa.selenium.support.ui.ExpectedConditions.findElement(ExpectedConditions.java:898)
	at org.openqa.selenium.support.ui.ExpectedConditions.access$000(ExpectedConditions.java:44)
	at org.openqa.selenium.support.ui.ExpectedConditions$6.apply(ExpectedConditions.java:184)
	at org.openqa.selenium.support.ui.ExpectedConditions$6.apply(ExpectedConditions.java:181)
	at org.openqa.selenium.support.ui.FluentWait.until(FluentWait.java:209)
	... 36 more
</pre></div></td>
<td>0</td>
<td>SDETTests.Test2@ea6147e</td></tr>
</table><p>
<table width='100%' border='1' class='invocation-skipped'>
<tr><td colspan='4' align='center'><b>SKIPPED CONFIGURATIONS</b></td></tr>
<tr><td><b>Test method</b></td>
<td width="30%"><b>Exception</b></td>
<td width="10%"><b>Time (seconds)</b></td>
<td><b>Instance</b></td>
</tr>
<tr>
<td title='SDETTests.Test2.setUpMethod()'><b>setUpMethod</b><br>Test class: SDETTests.Test2</td>
<td></td>
<td>0</td>
<td>SDETTests.Test2@ea6147e</td></tr>
<tr>
<td title='SDETTests.Test2.setUpMethod()'><b>setUpMethod</b><br>Test class: SDETTests.Test2</td>
<td></td>
<td>0</td>
<td>SDETTests.Test2@ea6147e</td></tr>
<tr>
<td title='SDETTests.Test2.setUpMethod()'><b>setUpMethod</b><br>Test class: SDETTests.Test2</td>
<td></td>
<td>0</td>
<td>SDETTests.Test2@ea6147e</td></tr>
<tr>
<td title='SDETTests.Test2.setUpMethod()'><b>setUpMethod</b><br>Test class: SDETTests.Test2</td>
<td></td>
<td>0</td>
<td>SDETTests.Test2@ea6147e</td></tr>
<tr>
<td title='SDETTests.Test2.tearDownMethod()'><b>tearDownMethod</b><br>Test class: SDETTests.Test2</td>
<td></td>
<td>0</td>
<td>SDETTests.Test2@ea6147e</td></tr>
<tr>
<td title='SDETTests.Test2.tearDownMethod()'><b>tearDownMethod</b><br>Test class: SDETTests.Test2</td>
<td></td>
<td>0</td>
<td>SDETTests.Test2@ea6147e</td></tr>
<tr>
<td title='SDETTests.Test2.tearDownMethod()'><b>tearDownMethod</b><br>Test class: SDETTests.Test2</td>
<td></td>
<td>0</td>
<td>SDETTests.Test2@ea6147e</td></tr>
<tr>
<td title='SDETTests.Test2.tearDownMethod()'><b>tearDownMethod</b><br>Test class: SDETTests.Test2</td>
<td></td>
<td>0</td>
<td>SDETTests.Test2@ea6147e</td></tr>
<tr>
<td title='SDETTests.Test2.tearDownMethod()'><b>tearDownMethod</b><br>Test class: SDETTests.Test2</td>
<td></td>
<td>0</td>
<td>SDETTests.Test2@ea6147e</td></tr>
<tr>
<td title='SDETTests.Test2.tearDownClass()'><b>tearDownClass</b><br>Test class: SDETTests.Test2</td>
<td></td>
<td>0</td>
<td>SDETTests.Test2@ea6147e</td></tr>
</table><p>
<table width='100%' border='1' class='invocation-skipped'>
<tr><td colspan='4' align='center'><b>SKIPPED TESTS</b></td></tr>
<tr><td><b>Test method</b></td>
<td width="30%"><b>Exception</b></td>
<td width="10%"><b>Time (seconds)</b></td>
<td><b>Instance</b></td>
</tr>
<tr>
<td title='SDETTests.Test2.footerTest()'><b>footerTest</b><br>Test class: SDETTests.Test2<br>Parameters: u10570-4, http://www.xpanxion.com/about.html, ABOUT US, u3102-4</td>
<td></td>
<td>0</td>
<td>SDETTests.Test2@ea6147e</td></tr>
<tr>
<td title='SDETTests.Test2.footerTest()'><b>footerTest</b><br>Test class: SDETTests.Test2<br>Parameters: u10578-4, http://www.xpanxion.com/about.html, ABOUT US, u3102-4</td>
<td></td>
<td>0</td>
<td>SDETTests.Test2@ea6147e</td></tr>
<tr>
<td title='SDETTests.Test2.footerTest()'><b>footerTest</b><br>Test class: SDETTests.Test2<br>Parameters: u10577-4, http://www.xpanxion.com/locations.html, LOCATIONS, u8973-4</td>
<td></td>
<td>0</td>
<td>SDETTests.Test2@ea6147e</td></tr>
<tr>
<td title='SDETTests.Test2.footerTest()'><b>footerTest</b><br>Test class: SDETTests.Test2<br>Parameters: u10576-4, http://www.xpanxion.com/mission.html, MISSION & VALUES, u3113-4</td>
<td></td>
<td>0</td>
<td>SDETTests.Test2@ea6147e</td></tr>
<tr>
<td title='SDETTests.Test2.footerTest()'><b>footerTest</b><br>Test class: SDETTests.Test2<br>Parameters: u10575-4, http://www.xpanxion.com/news.html, , u9113</td>
<td></td>
<td>0</td>
<td>SDETTests.Test2@ea6147e</td></tr>
</table><p>
</body>
</html>