<?xml version="1.0" encoding="UTF-8"?>
<!-- Generated by org.testng.reporters.JUnitXMLReporter -->
<testsuite hostname="work" name="Command line test" tests="5" failures="0" timestamp="15 Mar 2017 19:23:14 GMT" time="13.039" errors="0">
  <testcase name="@BeforeMethod setUpMethod" time="0.0" classname="SDETTests.Test2">
    <failure type="org.openqa.selenium.TimeoutException" message="Expected condition failed: waiting for presence of element located by: By.id: u3097-6 (tried for 10 second(s) with 500 MILLISECONDS interval)">
      <![CDATA[org.openqa.selenium.TimeoutException: Expected condition failed: waiting for presence of element located by: By.id: u3097-6 (tried for 10 second(s) with 500 MILLISECONDS interval)
	at org.openqa.selenium.support.ui.WebDriverWait.timeoutException(WebDriverWait.java:80)
	at org.openqa.selenium.support.ui.FluentWait.until(FluentWait.java:232)
	at SDETTests.Test2.setUpMethod(Test2.java:48)
Caused by: org.openqa.selenium.NoSuchElementException: Cannot locate an element using By.id: u3097-6
For documentation on this error, please visit: http://seleniumhq.org/exceptions/no_such_element.html
Build info: version: '3.3.1', revision: '5234b325d5', time: '2017-03-10 09:10:29 +0000'
System info: host: 'work', ip: '127.0.1.1', os.name: 'Linux', os.arch: 'amd64', os.version: '4.4.0-65-generic', java.version: '1.8.0_121'
Driver info: driver.version: unknown
	at org.openqa.selenium.support.ui.ExpectedConditions.lambda$findElement$0(ExpectedConditions.java:899)
	at java.util.Optional.orElseThrow(Optional.java:290)
	at org.openqa.selenium.support.ui.ExpectedConditions.findElement(ExpectedConditions.java:898)
	at org.openqa.selenium.support.ui.ExpectedConditions.access$000(ExpectedConditions.java:44)
	at org.openqa.selenium.support.ui.ExpectedConditions$6.apply(ExpectedConditions.java:184)
	at org.openqa.selenium.support.ui.ExpectedConditions$6.apply(ExpectedConditions.java:181)
	at org.openqa.selenium.support.ui.FluentWait.until(FluentWait.java:209)
	... 36 more
... Removed 35 stack frames]]>
    </failure>
  </testcase> <!-- @BeforeMethod setUpMethod -->
  <testcase name="@AfterMethod tearDownMethod" time="0.0" classname="SDETTests.Test2">
    <skipped/>
  </testcase> <!-- @AfterMethod tearDownMethod -->
  <testcase name="@BeforeMethod setUpMethod" time="0.0" classname="SDETTests.Test2">
    <skipped/>
  </testcase> <!-- @BeforeMethod setUpMethod -->
  <testcase name="@AfterMethod tearDownMethod" time="0.0" classname="SDETTests.Test2">
    <skipped/>
  </testcase> <!-- @AfterMethod tearDownMethod -->
  <testcase name="@BeforeMethod setUpMethod" time="0.0" classname="SDETTests.Test2">
    <skipped/>
  </testcase> <!-- @BeforeMethod setUpMethod -->
  <testcase name="@AfterMethod tearDownMethod" time="0.0" classname="SDETTests.Test2">
    <skipped/>
  </testcase> <!-- @AfterMethod tearDownMethod -->
  <testcase name="@BeforeMethod setUpMethod" time="0.0" classname="SDETTests.Test2">
    <skipped/>
  </testcase> <!-- @BeforeMethod setUpMethod -->
  <testcase name="@AfterMethod tearDownMethod" time="0.0" classname="SDETTests.Test2">
    <skipped/>
  </testcase> <!-- @AfterMethod tearDownMethod -->
  <testcase name="@BeforeMethod setUpMethod" time="0.0" classname="SDETTests.Test2">
    <skipped/>
  </testcase> <!-- @BeforeMethod setUpMethod -->
  <testcase name="@AfterMethod tearDownMethod" time="0.0" classname="SDETTests.Test2">
    <skipped/>
  </testcase> <!-- @AfterMethod tearDownMethod -->
  <testcase name="@AfterClass tearDownClass" time="0.0" classname="SDETTests.Test2">
    <skipped/>
  </testcase> <!-- @AfterClass tearDownClass -->
  <testcase name="footerTest" time="0.001" classname="SDETTests.Test2">
    <skipped/>
  </testcase> <!-- footerTest -->
  <testcase name="footerTest" time="0.0" classname="SDETTests.Test2">
    <skipped/>
  </testcase> <!-- footerTest -->
  <testcase name="footerTest" time="0.0" classname="SDETTests.Test2">
    <skipped/>
  </testcase> <!-- footerTest -->
  <testcase name="footerTest" time="0.0" classname="SDETTests.Test2">
    <skipped/>
  </testcase> <!-- footerTest -->
  <testcase name="footerTest" time="0.001" classname="SDETTests.Test2">
    <skipped/>
  </testcase> <!-- footerTest -->
</testsuite> <!-- Command line test -->
